{"level":"info","message":"HTTP server started","port":"5000","service":"golf-charity-api","timestamp":"2026-03-20 18:40:49"}
{"level":"info","message":"HTTP server started","port":"5000","service":"golf-charity-api","timestamp":"2026-03-20 18:40:53"}
{"level":"warn","message":"Authentication required","method":"GET","path":"/api/scores","service":"golf-charity-api","statusCode":401,"timestamp":"2026-03-20 18:42:18"}
{"level":"warn","message":"Route not found","method":"GET","path":"/favicon.ico","service":"golf-charity-api","statusCode":404,"timestamp":"2026-03-20 18:42:18"}
{"level":"info","message":"HTTP server started","port":"5000","service":"golf-charity-api","timestamp":"2026-03-20 18:45:24"}
{"email":"test@golfcharity.club","error":"Invalid login credentials","level":"warn","message":"Login: invalid credentials","service":"golf-charity-api","timestamp":"2026-03-20 18:45:57"}
{"level":"warn","message":"Invalid email or password","method":"POST","path":"/api/auth/login","service":"golf-charity-api","statusCode":401,"timestamp":"2026-03-20 18:45:57"}
{"level":"info","message":"HTTP server started","port":"5000","service":"golf-charity-api","timestamp":"2026-03-20 18:56:51"}
{"level":"info","message":"HTTP server started","port":"5000","service":"golf-charity-api","timestamp":"2026-03-20 18:56:54"}
{"level":"info","message":"HTTP server started","port":"5000","service":"golf-charity-api","timestamp":"2026-03-20 18:57:06"}
{"level":"info","message":"HTTP server started","port":"5000","service":"golf-charity-api","timestamp":"2026-03-20 19:38:56"}
{"level":"warn","message":"Authentication required","method":"GET","path":"/api/scores","service":"golf-charity-api","statusCode":401,"timestamp":"2026-03-20 19:40:50"}
{"level":"warn","message":"Authentication required","method":"GET","path":"/api/scores","service":"golf-charity-api","statusCode":401,"timestamp":"2026-03-20 19:41:34"}
{"level":"info","message":"HTTP server started","port":"5000","service":"golf-charity-api","timestamp":"2026-03-20 19:45:35"}
{"level":"info","message":"HTTP server started","port":"5000","service":"golf-charity-api","timestamp":"2026-03-20 19:45:37"}
{"level":"info","message":"HTTP server started","port":"5000","service":"golf-charity-api","timestamp":"2026-03-20 22:00:11"}
{"level":"info","message":"HTTP server started","port":"5000","service":"golf-charity-api","timestamp":"2026-03-20 22:00:14"}
{"level":"info","message":"HTTP server started","port":"5000","service":"golf-charity-api","timestamp":"2026-03-20 22:01:22"}
{"email":"test@golfcharity.club","error":"Invalid login credentials","level":"warn","message":"Login: invalid credentials","service":"golf-charity-api","timestamp":"2026-03-20 22:02:19"}
{"level":"warn","message":"Invalid email or password","method":"POST","path":"/api/auth/login","service":"golf-charity-api","statusCode":401,"timestamp":"2026-03-20 22:02:19"}
{"email":"test@golfcharity.club","error":"Invalid login credentials","level":"warn","message":"Login: invalid credentials","service":"golf-charity-api","timestamp":"2026-03-20 22:02:44"}
{"level":"warn","message":"Invalid email or password","method":"POST","path":"/api/auth/login","service":"golf-charity-api","statusCode":401,"timestamp":"2026-03-20 22:02:44"}
{"email":"test@golfcharity.club","error":"Invalid login credentials","level":"warn","message":"Login: invalid credentials","service":"golf-charity-api","timestamp":"2026-03-20 22:02:57"}
{"level":"warn","message":"Invalid email or password","method":"POST","path":"/api/auth/login","service":"golf-charity-api","statusCode":401,"timestamp":"2026-03-20 22:02:57"}
{"level":"info","message":"HTTP server started","port":"5000","service":"golf-charity-api","timestamp":"2026-03-20 22:09:12"}
{"level":"info","message":"HTTP server started","port":"5000","service":"golf-charity-api","timestamp":"2026-03-20 22:24:16"}
{"level":"warn","message":"Route not found","method":"GET","path":"/api/draws/my-entries","service":"golf-charity-api","statusCode":404,"timestamp":"2026-03-20 22:31:30"}
{"level":"warn","message":"Route not found","method":"GET","path":"/api/claims","service":"golf-charity-api","statusCode":404,"timestamp":"2026-03-20 22:31:33"}
{"level":"info","message":"addScore: score added successfully","played_date":"2026-03-20","score":42,"service":"golf-charity-api","timestamp":"2026-03-20 22:31:52","userId":"25a5aa61-2a50-401d-8d8a-6540eaf1f3e7"}
{"level":"warn","message":"Route not found","method":"GET","path":"/api/draws/my-entries","service":"golf-charity-api","statusCode":404,"timestamp":"2026-03-20 22:32:43"}
{"level":"warn","message":"Authentication required","method":"GET","path":"/api/users/me","service":"golf-charity-api","statusCode":401,"timestamp":"2026-03-20 22:34:10"}
{"level":"warn","message":"Route not found","method":"GET","path":"/api/draws/my-entries","service":"golf-charity-api","statusCode":404,"timestamp":"2026-03-20 22:36:15"}
{"level":"warn","message":"Route not found","method":"GET","path":"/api/claims","service":"golf-charity-api","statusCode":404,"timestamp":"2026-03-20 22:36:48"}
{"level":"info","message":"HTTP server started","port":"5000","service":"golf-charity-api","timestamp":"2026-03-20 22:40:08"}
{"level":"info","message":"HTTP server started","port":"5000","service":"golf-charity-api","timestamp":"2026-03-20 22:41:28"}
{"cacheKey":"charities:list:active:page:1:limit:12:search:","level":"info","message":"getCharities: cache hit","service":"golf-charity-api","timestamp":"2026-03-20 22:50:09"}
{"cacheKey":"charities:list:active:page:1:limit:12:search:","level":"info","message":"getCharities: cache hit","service":"golf-charity-api","timestamp":"2026-03-20 22:53:23"}
